<?xml version="1.0" encoding="UTF-8"?>
<!-- Generated by org.testng.reporters.JUnitXMLReporter -->
<testsuite hostname="Cosmos-PC" ignored="0" name="Default test" tests="10" failures="0" timestamp="17 Jun 2018 19:41:23 GMT" time="35.777" errors="0">
  <testcase name="open_url" time="4.943" classname="com.online.sanitySuite.TestCase_1_Enterprise_Login"/>
  <testcase name="enter_email_adress_on_enterprise_portal" time="2.658" classname="com.online.sanitySuite.TestCase_1_Enterprise_Login"/>
  <testcase name="enter_password_on_enterprise_portal" time="0.43" classname="com.online.sanitySuite.TestCase_1_Enterprise_Login"/>
  <testcase name="click_on_login_on_enterprise_portal" time="8.504" classname="com.online.sanitySuite.TestCase_1_Enterprise_Login"/>
  <testcase name="verify_executable_log_visibility_on_side_menu" time="2.178" classname="com.online.sanitySuite.TestCase_1_Enterprise_Login"/>
  <testcase name="verify_executable_log_visibility_on_side_menu" time="8.12" classname="com.online.sanitySuite.TestCase_1_Enterprise_Login"/>
  <testcase name="verify_people_text_on_people_page" time="0.601" classname="com.online.sanitySuite.TestCase_1_Enterprise_Login"/>
  <testcase name="Click_on_Add_Student_button_on_people_page" time="6.008" classname="com.online.sanitySuite.TestCase_1_Enterprise_Login"/>
  <testcase name="Submit_Create_Student_Form" time="0.0" classname="com.online.sanitySuite.TestCase_1_Enterprise_Login">
    <skipped/>
  </testcase> <!-- Submit_Create_Student_Form -->
  <testcase name="Verify_Create_New_Student_header_text_on_Create_Student_Page" time="0.171" classname="com.online.sanitySuite.TestCase_1_Enterprise_Login"/>
</testsuite> <!-- Default test -->
