<?xml version="1.0" encoding="UTF-8"?>
<testng-results skipped="1" failed="0" ignored="0" total="10" passed="9">
  <reporter-output>
  </reporter-output>
  <suite name="Default suite" duration-ms="35777" started-at="2018-06-17T19:40:47Z" finished-at="2018-06-17T19:41:23Z">
    <groups>
    </groups>
    <test name="Default test" duration-ms="35777" started-at="2018-06-17T19:40:47Z" finished-at="2018-06-17T19:41:23Z">
      <class name="com.online.sanitySuite.TestCase_1_Enterprise_Login">
        <test-method status="PASS" signature="open_url()[pri:1, instance:com.online.sanitySuite.TestCase_1_Enterprise_Login@b3b079]" name="open_url" duration-ms="4943" started-at="2018-06-17T12:40:47Z" description="Open Google Search URL" finished-at="2018-06-17T12:40:52Z">
          <reporter-output>
          </reporter-output>
        </test-method> <!-- open_url -->
        <test-method status="PASS" signature="enter_email_adress_on_enterprise_portal()[pri:2, instance:com.online.sanitySuite.TestCase_1_Enterprise_Login@b3b079]" name="enter_email_adress_on_enterprise_portal" duration-ms="2658" started-at="2018-06-17T12:40:52Z" description="Enter email adress on EP Portal" finished-at="2018-06-17T12:40:55Z">
          <reporter-output>
          </reporter-output>
        </test-method> <!-- enter_email_adress_on_enterprise_portal -->
        <test-method status="PASS" signature="enter_password_on_enterprise_portal()[pri:3, instance:com.online.sanitySuite.TestCase_1_Enterprise_Login@b3b079]" name="enter_password_on_enterprise_portal" duration-ms="430" started-at="2018-06-17T12:40:55Z" description="Enter password on EP Portal" finished-at="2018-06-17T12:40:55Z">
          <reporter-output>
          </reporter-output>
        </test-method> <!-- enter_password_on_enterprise_portal -->
        <test-method status="PASS" signature="click_on_login_on_enterprise_portal()[pri:4, instance:com.online.sanitySuite.TestCase_1_Enterprise_Login@b3b079]" name="click_on_login_on_enterprise_portal" duration-ms="8504" started-at="2018-06-17T12:40:55Z" description="Click  on EP Portal" finished-at="2018-06-17T12:41:04Z">
          <reporter-output>
          </reporter-output>
        </test-method> <!-- click_on_login_on_enterprise_portal -->
        <test-method status="PASS" signature="verify_executable_log_visibility_on_side_menu()[pri:5, instance:com.online.sanitySuite.TestCase_1_Enterprise_Login@b3b079]" name="verify_executable_log_visibility_on_side_menu" duration-ms="2178" started-at="2018-06-17T12:41:04Z" description="Verify Executable Logo on side menu" finished-at="2018-06-17T12:41:06Z">
          <reporter-output>
          </reporter-output>
        </test-method> <!-- verify_executable_log_visibility_on_side_menu -->
        <test-method status="PASS" signature="verify_executable_log_visibility_on_side_menu(java.lang.String)[pri:6, instance:com.online.sanitySuite.TestCase_1_Enterprise_Login@b3b079]" name="verify_executable_log_visibility_on_side_menu" duration-ms="8120" started-at="2018-06-17T12:41:06Z" description="Click  on People text on side menu" finished-at="2018-06-17T12:41:14Z">
          <params>
            <param index="0">
              <value>
                <![CDATA[People]]>
              </value>
            </param>
          </params>
          <reporter-output>
          </reporter-output>
        </test-method> <!-- verify_executable_log_visibility_on_side_menu -->
        <test-method status="PASS" signature="verify_people_text_on_people_page()[pri:7, instance:com.online.sanitySuite.TestCase_1_Enterprise_Login@b3b079]" name="verify_people_text_on_people_page" duration-ms="601" started-at="2018-06-17T12:41:14Z" description="Verify People header text on People page" finished-at="2018-06-17T12:41:15Z">
          <reporter-output>
          </reporter-output>
        </test-method> <!-- verify_people_text_on_people_page -->
        <test-method status="PASS" signature="Click_on_Add_Student_button_on_people_page()[pri:8, instance:com.online.sanitySuite.TestCase_1_Enterprise_Login@b3b079]" name="Click_on_Add_Student_button_on_people_page" duration-ms="6008" started-at="2018-06-17T12:41:15Z" description="Click on Add Student button on People page" finished-at="2018-06-17T12:41:21Z">
          <reporter-output>
          </reporter-output>
        </test-method> <!-- Click_on_Add_Student_button_on_people_page -->
        <test-method status="SKIP" signature="Submit_Create_Student_Form(java.lang.String, java.lang.String, java.lang.String, java.lang.String, java.lang.String, java.lang.String, java.lang.String, java.lang.String, java.lang.String, java.lang.String, java.lang.String)[pri:9, instance:com.online.sanitySuite.TestCase_1_Enterprise_Login@b3b079]" name="Submit_Create_Student_Form" duration-ms="0" started-at="2018-06-17T12:41:23Z" description="Fill all the fields on Add Student Form  and submit it on Create Student Page" data-provider="Authentication" finished-at="2018-06-17T12:41:23Z">
          <exception class="java.lang.RuntimeException">
            <message>
              <![CDATA[java.lang.NullPointerException]]>
            </message>
            <full-stacktrace>
              <![CDATA[java.lang.RuntimeException: java.lang.NullPointerException
	at org.testng.internal.MethodInvocationHelper.invokeMethodNoCheckedException(MethodInvocationHelper.java:49)
	at org.testng.internal.MethodInvocationHelper.invokeDataProvider(MethodInvocationHelper.java:115)
	at org.testng.internal.Parameters.handleParameters(Parameters.java:509)
	at org.testng.internal.Invoker.handleParameters(Invoker.java:1308)
	at org.testng.internal.Invoker.createParameters(Invoker.java:1036)
	at org.testng.internal.Invoker.invokeTestMethods(Invoker.java:1126)
	at org.testng.internal.TestMethodWorker.invokeTestMethods(TestMethodWorker.java:126)
	at org.testng.internal.TestMethodWorker.run(TestMethodWorker.java:109)
	at org.testng.TestRunner.privateRun(TestRunner.java:744)
	at org.testng.TestRunner.run(TestRunner.java:602)
	at org.testng.SuiteRunner.runTest(SuiteRunner.java:380)
	at org.testng.SuiteRunner.runSequentially(SuiteRunner.java:375)
	at org.testng.SuiteRunner.privateRun(SuiteRunner.java:340)
	at org.testng.SuiteRunner.run(SuiteRunner.java:289)
	at org.testng.SuiteRunnerWorker.runSuite(SuiteRunnerWorker.java:52)
	at org.testng.SuiteRunnerWorker.run(SuiteRunnerWorker.java:86)
	at org.testng.TestNG.runSuitesSequentially(TestNG.java:1301)
	at org.testng.TestNG.runSuitesLocally(TestNG.java:1226)
	at org.testng.TestNG.runSuites(TestNG.java:1144)
	at org.testng.TestNG.run(TestNG.java:1115)
	at org.testng.remote.AbstractRemoteTestNG.run(AbstractRemoteTestNG.java:114)
	at org.testng.remote.RemoteTestNG.initAndRun(RemoteTestNG.java:251)
	at org.testng.remote.RemoteTestNG.main(RemoteTestNG.java:77)
Caused by: java.lang.NullPointerException
	at com.online.sanitySuite.DataProviderWithExcel.Authentication(DataProviderWithExcel.java:29)
	at sun.reflect.NativeMethodAccessorImpl.invoke0(Native Method)
	at sun.reflect.NativeMethodAccessorImpl.invoke(Unknown Source)
	at sun.reflect.DelegatingMethodAccessorImpl.invoke(Unknown Source)
	at java.lang.reflect.Method.invoke(Unknown Source)
	at org.testng.internal.MethodInvocationHelper.invokeMethod(MethodInvocationHelper.java:108)
	at org.testng.internal.MethodInvocationHelper.invokeMethod(MethodInvocationHelper.java:55)
	at org.testng.internal.MethodInvocationHelper.invokeMethodNoCheckedException(MethodInvocationHelper.java:45)
	... 22 more
]]>
            </full-stacktrace>
          </exception> <!-- java.lang.RuntimeException -->
          <reporter-output>
          </reporter-output>
        </test-method> <!-- Submit_Create_Student_Form -->
        <test-method status="PASS" signature="Verify_Create_New_Student_header_text_on_Create_Student_Page()[pri:9, instance:com.online.sanitySuite.TestCase_1_Enterprise_Login@b3b079]" name="Verify_Create_New_Student_header_text_on_Create_Student_Page" duration-ms="171" started-at="2018-06-17T12:41:23Z" description="Verify Create New Student header text on Create Student Page" finished-at="2018-06-17T12:41:23Z">
          <reporter-output>
          </reporter-output>
        </test-method> <!-- Verify_Create_New_Student_header_text_on_Create_Student_Page -->
        <test-method status="PASS" signature="tearDown()[pri:0, instance:com.online.sanitySuite.TestCase_1_Enterprise_Login@b3b079]" name="tearDown" is-config="true" duration-ms="2356" started-at="2018-06-17T12:41:23Z" finished-at="2018-06-17T12:41:25Z">
          <reporter-output>
          </reporter-output>
        </test-method> <!-- tearDown -->
      </class> <!-- com.online.sanitySuite.TestCase_1_Enterprise_Login -->
    </test> <!-- Default test -->
  </suite> <!-- Default suite -->
</testng-results>
